This is XeTeX, Version 3.14159265-2.6-0.999991 (TeX Live 2019/Debian) (preloaded format=xelatex 2023.5.18)  10 MAY 2024 13:41
entering extended mode
 restricted \write18 enabled.
 file:line:error style messages enabled.
 %&-line parsing enabled.
**"/home/rainy/krp/KRP-Assignment 3/KRP-Assignment 3 ans"
(/home/rainy/krp/KRP-Assignment 3/KRP-Assignment 3 ans.tex
LaTeX2e <2020-02-02> patch level 2
L3 programming layer <2020-02-14> (/usr/share/texlive/texmf-dist/tex/latex/base/article.cls
Document Class: article 2019/12/20 v1.4l Standard LaTeX document class
(/usr/share/texlive/texmf-dist/tex/latex/base/size10.clo
File: size10.clo 2019/12/20 v1.4l Standard LaTeX file (size option)
)
\c@part=\count163
\c@section=\count164
\c@subsection=\count165
\c@subsubsection=\count166
\c@paragraph=\count167
\c@subparagraph=\count168
\c@figure=\count169
\c@table=\count170
\abovecaptionskip=\skip47
\belowcaptionskip=\skip48
\bibindent=\dimen134
) (/usr/share/texlive/texmf-dist/tex/latex/graphics/graphicx.sty
Package: graphicx 2019/11/30 v1.2a Enhanced LaTeX Graphics (DPC,SPQR)
 (/usr/share/texlive/texmf-dist/tex/latex/graphics/keyval.sty
Package: keyval 2014/10/28 v1.15 key=value parser (DPC)
\KV@toks@=\toks14
) (/usr/share/texlive/texmf-dist/tex/latex/graphics/graphics.sty
Package: graphics 2019/11/30 v1.4a Standard LaTeX Graphics (DPC,SPQR)
 (/usr/share/texlive/texmf-dist/tex/latex/graphics/trig.sty
Package: trig 2016/01/03 v1.10 sin cos tan (DPC)
) (/usr/share/texlive/texmf-dist/tex/latex/graphics-cfg/graphics.cfg
File: graphics.cfg 2016/06/04 v1.11 sample graphics configuration
)
Package graphics Info: Driver file: xetex.def on input line 105.
 (/usr/share/texlive/texmf-dist/tex/latex/graphics-def/xetex.def
File: xetex.def 2017/06/24 v5.0h Graphics/color driver for xetex
))
\Gin@req@height=\dimen135
\Gin@req@width=\dimen136
) (/usr/share/texlive/texmf-dist/tex/latex/float/float.sty
Package: float 2001/11/08 v1.3d Float enhancements (AL)
\c@float@type=\count171
\float@exts=\toks15
\float@box=\box45
\@float@everytoks=\toks16
\@floatcapt=\box46
) (/usr/share/texlive/texmf-dist/tex/latex/amsfonts/amssymb.sty
Package: amssymb 2013/01/14 v3.01 AMS font symbols
 (/usr/share/texlive/texmf-dist/tex/latex/amsfonts/amsfonts.sty
Package: amsfonts 2013/01/14 v3.01 Basic AMSFonts support
\@emptytoks=\toks17
\symAMSa=\mathgroup4
\symAMSb=\mathgroup5
LaTeX Font Info:    Redeclaring math symbol \hbar on input line 98.
LaTeX Font Info:    Overwriting math alphabet `\mathfrak' in version `bold'
(Font)                  U/euf/m/n --> U/euf/b/n on input line 106.
)) (/usr/share/texlive/texmf-dist/tex/latex/amsmath/amsmath.sty
Package: amsmath 2020/01/20 v2.17e AMS math features
\@mathmargin=\skip49

For additional information on amsmath, use the `?' option.
(/usr/share/texlive/texmf-dist/tex/latex/amsmath/amstext.sty
Package: amstext 2000/06/29 v2.01 AMS text
 (/usr/share/texlive/texmf-dist/tex/latex/amsmath/amsgen.sty
File: amsgen.sty 1999/11/30 v2.0 generic functions
\@emptytoks=\toks18
\ex@=\dimen137
)) (/usr/share/texlive/texmf-dist/tex/latex/amsmath/amsbsy.sty
Package: amsbsy 1999/11/29 v1.2d Bold Symbols
\pmbraise@=\dimen138
) (/usr/share/texlive/texmf-dist/tex/latex/amsmath/amsopn.sty
Package: amsopn 2016/03/08 v2.02 operator names
)
\inf@bad=\count172
LaTeX Info: Redefining \frac on input line 227.
\uproot@=\count173
\leftroot@=\count174
LaTeX Info: Redefining \overline on input line 389.
\classnum@=\count175
\DOTSCASE@=\count176
LaTeX Info: Redefining \ldots on input line 486.
LaTeX Info: Redefining \dots on input line 489.
LaTeX Info: Redefining \cdots on input line 610.
\Mathstrutbox@=\box47
\strutbox@=\box48
\big@size=\dimen139
LaTeX Font Info:    Redeclaring font encoding OML on input line 733.
LaTeX Font Info:    Redeclaring font encoding OMS on input line 734.
\macc@depth=\count177
\c@MaxMatrixCols=\count178
\dotsspace@=\muskip16
\c@parentequation=\count179
\dspbrk@lvl=\count180
\tag@help=\toks19
\row@=\count181
\column@=\count182
\maxfields@=\count183
\andhelp@=\toks20
\eqnshift@=\dimen140
\alignsep@=\dimen141
\tagshift@=\dimen142
\tagwidth@=\dimen143
\totwidth@=\dimen144
\lineht@=\dimen145
\@envbody=\toks21
\multlinegap=\skip50
\multlinetaggap=\skip51
\mathdisplay@stack=\toks22
LaTeX Info: Redefining \[ on input line 2859.
LaTeX Info: Redefining \] on input line 2860.
) (/usr/share/texlive/texmf-dist/tex/latex/l3backend/l3backend-xdvipdfmx.def
File: l3backend-xdvipdfmx.def 2020-02-03 L3 backend support: xdvipdfmx
\g__graphics_track_int=\count184
\l__pdf_internal_box=\box49
\g__pdf_backend_object_int=\count185
\g__pdf_backend_annotation_int=\count186
) (./KRP-Assignment 3 ans.aux)
\openout1 = `"KRP-Assignment 3 ans.aux"'.

LaTeX Font Info:    Checking defaults for OML/cmm/m/it on input line 21.
LaTeX Font Info:    ... okay on input line 21.
LaTeX Font Info:    Checking defaults for OMS/cmsy/m/n on input line 21.
LaTeX Font Info:    ... okay on input line 21.
LaTeX Font Info:    Checking defaults for OT1/cmr/m/n on input line 21.
LaTeX Font Info:    ... okay on input line 21.
LaTeX Font Info:    Checking defaults for T1/cmr/m/n on input line 21.
LaTeX Font Info:    ... okay on input line 21.
LaTeX Font Info:    Checking defaults for TS1/cmr/m/n on input line 21.
LaTeX Font Info:    Trying to load font information for TS1+cmr on input line 21.
 (/usr/share/texlive/texmf-dist/tex/latex/base/ts1cmr.fd
File: ts1cmr.fd 2019/12/16 v2.5j Standard LaTeX font definitions
)
LaTeX Font Info:    ... okay on input line 21.
LaTeX Font Info:    Checking defaults for TU/lmr/m/n on input line 21.
LaTeX Font Info:    ... okay on input line 21.
LaTeX Font Info:    Checking defaults for OMX/cmex/m/n on input line 21.
LaTeX Font Info:    ... okay on input line 21.
LaTeX Font Info:    Checking defaults for U/cmr/m/n on input line 21.
LaTeX Font Info:    ... okay on input line 21.
LaTeX Font Info:    Trying to load font information for U+msa on input line 23.
 (/usr/share/texlive/texmf-dist/tex/latex/amsfonts/umsa.fd
File: umsa.fd 2013/01/14 v3.01 AMS symbols A
)
LaTeX Font Info:    Trying to load font information for U+msb on input line 23.
 (/usr/share/texlive/texmf-dist/tex/latex/amsfonts/umsb.fd
File: umsb.fd 2013/01/14 v3.01 AMS symbols B
)
File: 1.png Graphic file (type bmp)
<1.png>

Underfull \hbox (badness 10000) in paragraph at lines 65--72

 []

[1

]
Overfull \hbox (4.70323pt too wide) in paragraph at lines 84--107
\TU/lmr/m/n/10 disjoint, this means we have: $\OMS/cmsy/m/n/10 f\OT1/cmr/m/n/10 (\OML/cmm/m/it/10 a; b\OT1/cmr/m/n/10 ) : \OML/cmm/m/it/10 r; \OT1/cmr/m/n/10 (\OML/cmm/m/it/10 a; b\OT1/cmr/m/n/10 ) : \OML/cmm/m/it/10 s; r and s  \OMS/cmsy/m/n/10 2 \OML/cmm/m/it/10 A\OMS/cmsy/m/n/10 g\OML/cmm/m/it/10 ; \OMS/cmsy/m/n/10 f\OML/cmm/m/it/10 disjoint\OT1/cmr/m/n/10 (\OML/cmm/m/it/10 a; b\OT1/cmr/m/n/10 )\OMS/cmsy/m/n/10 g$\TU/lmr/m/n/10 ,so
 []

[2]
Underfull \hbox (badness 10000) in paragraph at lines 113--120

 []

[3]
Underfull \hbox (badness 10000) in paragraph at lines 141--153

 []

[4]
Overfull \hbox (13.22844pt too wide) in paragraph at lines 174--198
\TU/lmr/m/n/10 So the new $\OML/cmm/m/it/10 M\OT1/cmr/m/n/10 (\OML/cmm/m/it/10 C[]\OT1/cmr/m/n/10 ) = \OML/cmm/m/it/10 M\OT1/cmr/m/n/10 (\OML/cmm/m/it/10 C\OT1/cmr/m/n/10 )\OML/cmm/m/it/10 =\OMS/cmsy/m/n/10 f\OT1/cmr/m/n/10 #(\OML/cmm/m/it/10 E \OMS/cmsy/m/n/10 u \OML/cmm/m/it/10 F\OT1/cmr/m/n/10 )\OMS/cmsy/m/n/10 g [ f\OT1/cmr/m/n/10 #\OMS/cmsy/m/n/10 ::\OML/cmm/m/it/10 E; \OT1/cmr/m/n/10 #\OMS/cmsy/m/n/10 ::\OML/cmm/m/it/10 F; \OT1/cmr/m/n/10 #\OMS/cmsy/m/n/10 :\OML/cmm/m/it/10 E; \OT1/cmr/m/n/10 #\OMS/cmsy/m/n/10 :\OML/cmm/m/it/10 F; \OT1/cmr/m/n/10 #\OML/cmm/m/it/10 E; \OT1/cmr/m/n/10 #\OML/cmm/m/it/10 F\OMS/cmsy/m/n/10 g$\TU/lmr/m/n/10 .So
 []


Overfull \hbox (13.22844pt too wide) in paragraph at lines 174--198
\TU/lmr/m/n/10 So the new $\OML/cmm/m/it/10 M\OT1/cmr/m/n/10 (\OML/cmm/m/it/10 C[]\OT1/cmr/m/n/10 ) = \OML/cmm/m/it/10 M\OT1/cmr/m/n/10 (\OML/cmm/m/it/10 C\OT1/cmr/m/n/10 )\OML/cmm/m/it/10 =\OMS/cmsy/m/n/10 f\OT1/cmr/m/n/10 #(\OML/cmm/m/it/10 E \OMS/cmsy/m/n/10 t \OML/cmm/m/it/10 F\OT1/cmr/m/n/10 )\OMS/cmsy/m/n/10 g [ f\OT1/cmr/m/n/10 #\OMS/cmsy/m/n/10 ::\OML/cmm/m/it/10 E; \OT1/cmr/m/n/10 #\OMS/cmsy/m/n/10 ::\OML/cmm/m/it/10 F; \OT1/cmr/m/n/10 #\OMS/cmsy/m/n/10 :\OML/cmm/m/it/10 E; \OT1/cmr/m/n/10 #\OMS/cmsy/m/n/10 :\OML/cmm/m/it/10 F; \OT1/cmr/m/n/10 #\OML/cmm/m/it/10 E; \OT1/cmr/m/n/10 #\OML/cmm/m/it/10 F\OMS/cmsy/m/n/10 g$\TU/lmr/m/n/10 .So
 []


Underfull \hbox (badness 10000) in paragraph at lines 174--198

 []

[5]
Underfull \hbox (badness 10000) in paragraph at lines 204--224

 []

[6]
Underfull \hbox (badness 10000) in paragraph at lines 231--233

 []


Underfull \hbox (badness 10000) in paragraph at lines 235--237

 []


Underfull \hbox (badness 10000) in paragraph at lines 239--241

 []


Underfull \hbox (badness 10000) in paragraph at lines 243--245

 []


Underfull \hbox (badness 10000) in paragraph at lines 247--249

 []


Underfull \hbox (badness 10000) in paragraph at lines 251--254

 []

[7]
Underfull \hbox (badness 10000) in paragraph at lines 256--258

 []


Underfull \hbox (badness 10000) in paragraph at lines 260--262

 []


Underfull \hbox (badness 10000) in paragraph at lines 264--266

 []


Underfull \hbox (badness 10000) in paragraph at lines 268--270

 []


Underfull \hbox (badness 10000) in paragraph at lines 272--274

 []


Underfull \hbox (badness 10000) in paragraph at lines 276--278

 []


Underfull \hbox (badness 10000) in paragraph at lines 280--282

 []


Overfull \hbox (28.14037pt too wide) detected at line 284
\OMS/cmsy/m/n/10 f\OT1/cmr/m/n/10 (\OML/cmm/m/it/10 a; d\OT1/cmr/m/n/10 ) : \OML/cmm/m/it/10 r; \OT1/cmr/m/n/10 (\OML/cmm/m/it/10 a; d[]\OT1/cmr/m/n/10 ) : \OML/cmm/m/it/10 r; \OT1/cmr/m/n/10 (\OML/cmm/m/it/10 d; d[]\OT1/cmr/m/n/10 ) : \OML/cmm/m/it/10 r; \OT1/cmr/m/n/10 (\OML/cmm/m/it/10 d; d[]\OT1/cmr/m/n/10 ) : \OML/cmm/m/it/10 r; d \OT1/cmr/m/n/10 : \OML/cmm/m/it/10 C; d \OT1/cmr/m/n/10 : \OMS/cmsy/m/n/10 :\OML/cmm/m/it/10 A; d[] \OT1/cmr/m/n/10 : \OML/cmm/m/it/10 C; d[] \OT1/cmr/m/n/10 : \OMS/cmsy/m/n/10 :\OML/cmm/m/it/10 E; d[] \OT1/cmr/m/n/10 : \OMS/cmsy/m/n/10 :\OML/cmm/m/it/10 B; d[] \OT1/cmr/m/n/10 : \OMS/cmsy/m/n/10 :\OML/cmm/m/it/10 B\OMS/cmsy/m/n/10 g
 []


Underfull \hbox (badness 10000) in paragraph at lines 284--286

 []


Underfull \hbox (badness 10000) in paragraph at lines 288--290

 []


Underfull \hbox (badness 10000) in paragraph at lines 292--294

 []


Underfull \hbox (badness 10000) in paragraph at lines 296--298

 []


Overfull \hbox (107.9746pt too wide) detected at line 300
\OMS/cmsy/m/n/10 f\OT1/cmr/m/n/10 (\OML/cmm/m/it/10 a; d\OT1/cmr/m/n/10 ) : \OML/cmm/m/it/10 r; \OT1/cmr/m/n/10 (\OML/cmm/m/it/10 a; d[]\OT1/cmr/m/n/10 ) : \OML/cmm/m/it/10 r; \OT1/cmr/m/n/10 (\OML/cmm/m/it/10 d; d[]\OT1/cmr/m/n/10 ) : \OML/cmm/m/it/10 r; \OT1/cmr/m/n/10 (\OML/cmm/m/it/10 d; d[]\OT1/cmr/m/n/10 ) : \OML/cmm/m/it/10 r; \OT1/cmr/m/n/10 (\OML/cmm/m/it/10 d[]; d[]\OT1/cmr/m/n/10 ) : \OML/cmm/m/it/10 r; d \OT1/cmr/m/n/10 : \OML/cmm/m/it/10 C; d \OT1/cmr/m/n/10 : \OMS/cmsy/m/n/10 :\OML/cmm/m/it/10 A; d[] \OT1/cmr/m/n/10 : \OML/cmm/m/it/10 C; d[] \OT1/cmr/m/n/10 : \OMS/cmsy/m/n/10 :\OML/cmm/m/it/10 E; d[] \OT1/cmr/m/n/10 : \OMS/cmsy/m/n/10 :\OML/cmm/m/it/10 B; d[] \OT1/cmr/m/n/10 : \OMS/cmsy/m/n/10 :\OML/cmm/m/it/10 B; d[] \OT1/cmr/m/n/10 : \OML/cmm/m/it/10 A\OMS/cmsy/m/n/10 g
 []


Underfull \hbox (badness 10000) in paragraph at lines 300--302

 []

[8]
Underfull \hbox (badness 10000) in paragraph at lines 316--340

 []

[9]
Underfull \hbox (badness 10000) in paragraph at lines 347--363

 []

[10]
File: 2.png Graphic file (type bmp)
<2.png>

Underfull \hbox (badness 10000) in paragraph at lines 368--375

 []


Underfull \hbox (badness 10000) in paragraph at lines 376--386

 []

[11]
Underfull \hbox (badness 10000) in paragraph at lines 393--396

 []


Underfull \hbox (badness 10000) in paragraph at lines 398--401

 []


Underfull \hbox (badness 10000) in paragraph at lines 403--405

 []


Underfull \hbox (badness 10000) in paragraph at lines 407--410

 []

[12]
Underfull \hbox (badness 10000) in paragraph at lines 412--415

 []


Underfull \hbox (badness 10000) in paragraph at lines 417--419

 []


Overfull \hbox (8.3388pt too wide) detected at line 427
[]
 []


Underfull \hbox (badness 10000) in paragraph at lines 430--434

 []


Underfull \hbox (badness 10000) in paragraph at lines 435--441

 []

[13] [14] (./KRP-Assignment 3 ans.aux) ) 
Here is how much of TeX's memory you used:
 2061 strings out of 481370
 27471 string characters out of 5926567
 269159 words of memory out of 5000000
 19072 multiletter control sequences out of 15000+600000
 538778 words of font info for 62 fonts, out of 8000000 for 9000
 264 hyphenation exceptions out of 8191
 30i,10n,31p,554b,213s stack positions out of 5000i,500n,10000p,200000b,80000s

Output written on KRP-Assignment 3 ans.pdf (14 pages).
