This is XeTeX, Version 3.14159265-2.6-0.999991 (TeX Live 2019/Debian) (preloaded format=xelatex 2023.5.18)  29 MAR 2024 12:55
entering extended mode
 restricted \write18 enabled.
 file:line:error style messages enabled.
 %&-line parsing enabled.
**"/home/rainy/krp/KRP-Assignment 2/KRP-Assignment 2 ans"
(/home/rainy/krp/KRP-Assignment 2/KRP-Assignment 2 ans.tex
LaTeX2e <2020-02-02> patch level 2
L3 programming layer <2020-02-14> (/usr/share/texlive/texmf-dist/tex/latex/base/article.cls
Document Class: article 2019/12/20 v1.4l Standard LaTeX document class
(/usr/share/texlive/texmf-dist/tex/latex/base/size10.clo
File: size10.clo 2019/12/20 v1.4l Standard LaTeX file (size option)
)
\c@part=\count163
\c@section=\count164
\c@subsection=\count165
\c@subsubsection=\count166
\c@paragraph=\count167
\c@subparagraph=\count168
\c@figure=\count169
\c@table=\count170
\abovecaptionskip=\skip47
\belowcaptionskip=\skip48
\bibindent=\dimen134
) (/usr/share/texlive/texmf-dist/tex/latex/graphics/graphicx.sty
Package: graphicx 2019/11/30 v1.2a Enhanced LaTeX Graphics (DPC,SPQR)
 (/usr/share/texlive/texmf-dist/tex/latex/graphics/keyval.sty
Package: keyval 2014/10/28 v1.15 key=value parser (DPC)
\KV@toks@=\toks14
) (/usr/share/texlive/texmf-dist/tex/latex/graphics/graphics.sty
Package: graphics 2019/11/30 v1.4a Standard LaTeX Graphics (DPC,SPQR)
 (/usr/share/texlive/texmf-dist/tex/latex/graphics/trig.sty
Package: trig 2016/01/03 v1.10 sin cos tan (DPC)
) (/usr/share/texlive/texmf-dist/tex/latex/graphics-cfg/graphics.cfg
File: graphics.cfg 2016/06/04 v1.11 sample graphics configuration
)
Package graphics Info: Driver file: xetex.def on input line 105.
 (/usr/share/texlive/texmf-dist/tex/latex/graphics-def/xetex.def
File: xetex.def 2017/06/24 v5.0h Graphics/color driver for xetex
))
\Gin@req@height=\dimen135
\Gin@req@width=\dimen136
) (/usr/share/texlive/texmf-dist/tex/latex/float/float.sty
Package: float 2001/11/08 v1.3d Float enhancements (AL)
\c@float@type=\count171
\float@exts=\toks15
\float@box=\box45
\@float@everytoks=\toks16
\@floatcapt=\box46
) (/usr/share/texlive/texmf-dist/tex/latex/amsfonts/amssymb.sty
Package: amssymb 2013/01/14 v3.01 AMS font symbols
 (/usr/share/texlive/texmf-dist/tex/latex/amsfonts/amsfonts.sty
Package: amsfonts 2013/01/14 v3.01 Basic AMSFonts support
\@emptytoks=\toks17
\symAMSa=\mathgroup4
\symAMSb=\mathgroup5
LaTeX Font Info:    Redeclaring math symbol \hbar on input line 98.
LaTeX Font Info:    Overwriting math alphabet `\mathfrak' in version `bold'
(Font)                  U/euf/m/n --> U/euf/b/n on input line 106.
)) (/usr/share/texlive/texmf-dist/tex/latex/l3backend/l3backend-xdvipdfmx.def
File: l3backend-xdvipdfmx.def 2020-02-03 L3 backend support: xdvipdfmx
\g__graphics_track_int=\count172
\l__pdf_internal_box=\box47
\g__pdf_backend_object_int=\count173
\g__pdf_backend_annotation_int=\count174
) (./KRP-Assignment 2 ans.aux

LaTeX Warning: Label `fig:bisimulation' multiply defined.


LaTeX Warning: Label `fig:Unraveling' multiply defined.

)
\openout1 = `"KRP-Assignment 2 ans.aux"'.

LaTeX Font Info:    Checking defaults for OML/cmm/m/it on input line 14.
LaTeX Font Info:    ... okay on input line 14.
LaTeX Font Info:    Checking defaults for OMS/cmsy/m/n on input line 14.
LaTeX Font Info:    ... okay on input line 14.
LaTeX Font Info:    Checking defaults for OT1/cmr/m/n on input line 14.
LaTeX Font Info:    ... okay on input line 14.
LaTeX Font Info:    Checking defaults for T1/cmr/m/n on input line 14.
LaTeX Font Info:    ... okay on input line 14.
LaTeX Font Info:    Checking defaults for TS1/cmr/m/n on input line 14.
LaTeX Font Info:    Trying to load font information for TS1+cmr on input line 14.
 (/usr/share/texlive/texmf-dist/tex/latex/base/ts1cmr.fd
File: ts1cmr.fd 2019/12/16 v2.5j Standard LaTeX font definitions
)
LaTeX Font Info:    ... okay on input line 14.
LaTeX Font Info:    Checking defaults for TU/lmr/m/n on input line 14.
LaTeX Font Info:    ... okay on input line 14.
LaTeX Font Info:    Checking defaults for OMX/cmex/m/n on input line 14.
LaTeX Font Info:    ... okay on input line 14.
LaTeX Font Info:    Checking defaults for U/cmr/m/n on input line 14.
LaTeX Font Info:    ... okay on input line 14.
LaTeX Font Info:    Trying to load font information for U+msa on input line 16.
 (/usr/share/texlive/texmf-dist/tex/latex/amsfonts/umsa.fd
File: umsa.fd 2013/01/14 v3.01 AMS symbols A
)
LaTeX Font Info:    Trying to load font information for U+msb on input line 16.
 (/usr/share/texlive/texmf-dist/tex/latex/amsfonts/umsb.fd
File: umsb.fd 2013/01/14 v3.01 AMS symbols B
)
Underfull \hbox (badness 10000) in paragraph at lines 25--26

 []


Underfull \hbox (badness 10000) in paragraph at lines 27--29

 []


Underfull \hbox (badness 10000) in paragraph at lines 34--40

 []

File: 1.png Graphic file (type bmp)
<1.png>

Underfull \hbox (badness 10000) in paragraph at lines 41--48

 []

[1

]
Underfull \hbox (badness 10000) in paragraph at lines 49--50

 []

File: 2.png Graphic file (type bmp)
<2.png>

Underfull \hbox (badness 10000) in paragraph at lines 57--67

 []

[2]
Underfull \hbox (badness 10000) in paragraph at lines 75--83

 []


Underfull \hbox (badness 10000) in paragraph at lines 87--92

 []

[3]
Underfull \hbox (badness 10000) in paragraph at lines 93--94

 []


Underfull \hbox (badness 10000) in paragraph at lines 94--95

 []


Underfull \hbox (badness 10000) in paragraph at lines 95--96

 []


Underfull \hbox (badness 10000) in paragraph at lines 97--106

 []


Underfull \hbox (badness 10000) in paragraph at lines 115--120

 []

[4]
Underfull \hbox (badness 10000) in paragraph at lines 128--129

 []


Overfull \hbox (44.00928pt too wide) in paragraph at lines 136--137
[]$\OML/cmm/m/it/10 a[] \OT1/cmr/m/n/10 = \OMS/cmsy/m/n/10 f\OT1/cmr/m/n/10 (\OML/cmm/m/it/10 a; v\OT1/cmr/m/n/10 )\OMS/cmsy/m/n/10 j\OML/cmm/m/it/10 holds like \OT1/cmr/m/n/10 (\OML/cmm/m/it/10 a[]; v\OT1/cmr/m/n/10 ) \OML/cmm/m/it/10 for every individual under interpretation I[]\OMS/cmsy/m/n/10 g$ 
 []


Underfull \hbox (badness 10000) in paragraph at lines 138--145

 []


Underfull \hbox (badness 10000) in paragraph at lines 151--157

 []

[5]
Underfull \hbox (badness 10000) in paragraph at lines 169--175

 []

File: 3.png Graphic file (type bmp)
<3.png>

Underfull \hbox (badness 10000) in paragraph at lines 178--186

 []

[6]
Overfull \hbox (1.75311pt too wide) in paragraph at lines 190--193
\TU/lmr/m/n/10 We could let the TBox as empty, and Abox be: $\OML/cmm/m/it/10 a \OT1/cmr/m/n/10 : \OML/cmm/m/it/10 A; b \OT1/cmr/m/n/10 : \OML/cmm/m/it/10 B; r \OT1/cmr/m/n/10 : (\OML/cmm/m/it/10 a; b\OT1/cmr/m/n/10 )\OML/cmm/m/it/10 ; \OT1/cmr/m/n/10 (\OML/cmm/m/it/10 b; a\OT1/cmr/m/n/10 )$\TU/lmr/m/n/10 .if
 []

File: 4.png Graphic file (type bmp)
<4.png>

Underfull \hbox (badness 10000) in paragraph at lines 202--209

 []

[7]
Underfull \hbox (badness 10000) in paragraph at lines 211--213

 []

[8] (./KRP-Assignment 2 ans.aux)

LaTeX Warning: There were multiply-defined labels.

 ) 
Here is how much of TeX's memory you used:
 1446 strings out of 481370
 20311 string characters out of 5926567
 255836 words of memory out of 5000000
 18478 multiletter control sequences out of 15000+600000
 538746 words of font info for 58 fonts, out of 8000000 for 9000
 264 hyphenation exceptions out of 8191
 30i,8n,31p,438b,262s stack positions out of 5000i,500n,10000p,200000b,80000s

Output written on KRP-Assignment 2 ans.pdf (8 pages).
